2017-03-14 16:46:36,494 root [INFO] Sending avoid coordinates...
2017-03-14 16:46:46,558 root [INFO] Sending avoid coordinates...
2017-03-14 16:46:48,558 root [INFO] Sending avoid coordinates...
2017-03-14 16:46:49,558 root [INFO] Sending avoid coordinates...
6:00,897 Process-3 [INFO] {'lat': 38.8703041, 'lng': -77.3214053, 'alt': -0.02, 'heading': 323.13}
2017-03-14 16:46:01,381 Process-3 [INFO] {'lat': 38.8703041, 'lng': -77.3214053, 'alt': -0.02, 'heading': 323.13}
2017-03-14 16:46:01,897 Process-3 [INFO] {'lat': 38.8703041, 'lng': -77.3214053, 'alt': -0.03, 'heading': 323.13}
2017-03-14 16:46:02,381 Process-3 [INFO] {'lat': 38.8703041, 'lng': -77.3214053, 'alt': -0.05, 'heading': 323.13}
2017-03-14 16:46:02,897 Process-3 [INFO] {'lat': 38.8703041, 'lng': -77.3214053, 'alt': -0.05, 'heading': 323.13}
2017-03-14 16:46:03,381 Process-3 [INFO] {'lat': 38.8703041, 'lng': -77.3214053, 'alt': -0.05, 'heading': 323.13}
2017-03-14 16:46:03,881 Process-3 [INFO] {'lat': 38.8703041, 'lng': -77.3214053, 'alt': -0.04, 'heading': 323.13}
2017-03-14 16:46:04,381 Process-3 [INFO] {'lat': 38.8703041, 'lng': -77.3214053, 'alt': -0.03, 'heading': 323.13}
2017-03-14 16:46:04,881 Proce2017-03-14 16:46:36,556 Process-4 [INFO] Sending telem to send_course socket: lat 38.8711955919 
2017-03-14 16:46:36,618 Process-4 [INFO] Sending telem to send_course socket: lng -77.3215887226 
2017-03-14 16:46:36,681 Process-4 [INFO] Sending telem to send_course socket: alt 17.17 
2017-03-14 16:46:46,621 Process-4 [INFO] Sending telem to send_course socket: lat 38.8703059029 
2017-03-14 16:46:46,683 Process-4 [INFO] Sending telem to send_course socket: lng -77.3202445842 
2017-03-14 16:46:46,746 Process-4 [INFO] Sending telem to send_course socket: alt 19.03 
2017-03-14 16:46:48,621 Process-4 [INFO] Sending telem to send_course socket: lat 38.8703275823 
2017-03-14 16:46:48,683 Process-4 [INFO] Sending telem to send_course socket: lng -77.3202459105 
2017-03-14 16:46:48,746 Process-4 [INFO] Sending telem to send_course socket: alt 18.21 
2017-03-14 16:46:49,621 Process-4 [INFO] Sending telem to send_course socket: lat 38.8703876845 
2017-03-14 16:46:49,683 Process-4 [INFO] Sending telem to send_course socket: lng -77.320249186 
2017-03-14 16:46:49,746 Process-4 [INFO] Sending telem to send_course socket: alt 18.13 
ocess-3 [INFO] {'lat': 38.8703041, 'lng': -77.3214054, 'alt': -0.05, 'heading': 323.13}
2017-03-14 16:46:10,381 Process-3 [INFO] {'lat': 38.8703041, 'lng': -77.3214054, 'alt': -0.05, 'heading': 323.13}
2017-03-14 16:46:10,881 Process-3 [INFO] {'lat': 38.8703041, 'lng': -77.3214054, 'alt': -0.05, 'heading': 323.13}
2017-03-14 16:46:11,381 Process-3 [INFO] {'lat': 38.8703041, 'lng': -77.3214054, 'alt': -0.05, 'heading': 323.13}
2017-03-14 16:46:11,882 Process-3 [INFO] {'lat': 38.8703041, 'lng': -77.3214054, 'alt': -0.05, 'heading': 323.13}
2017-03-14 16:46:12,382 Process-3 [INFO] {'lat': 38.8703041, 'lng': -77.3214054, 'alt': -0.05, 'heading': 323.13}
2017-03-14 16:46:12,882 Process-3 [INFO] {'lat': 38.8703041, 'lng': -77.3214054, 'alt': -0.05, 'heading': 323.13}
2017-03-14 16:46:13,382 Process-3 [INFO] {'lat': 38.8703041, 'lng': -77.3214054, 'alt': -0.05, 'heading': 323.13}
2017-03-14 16:46:13,882 Process-3 [INFO] {'lat': 38.8703041, 'lng': -77.3214054, 'alt': -0.05, 'heading': 323.13}
2017-03-14 16:46:14,382 Process-3 [INFO] {'lat': 38.8703041, 'lng': -77.3214054, 'alt': -0.05, 'heading': 323.13}
2017-03-14 16:46:14,882 Process-3 [INFO] {'lat': 38.8703041, 'lng': -77.3214054, 'alt': -0.05, 'heading': 323.13}
2017-03-14 16:46:15,382 Process-3 [INFO] {'lat': 38.8703041, 'lng': -77.3214054, 'alt': -0.04, 'heading': 323.13}
2017-03-14 16:46:15,882 Process-3 [INFO] {'lat': 38.8703041, 'lng': -77.3214054, 'alt': -0.03, 'heading': 323.13}
2017-03-14 16:46:16,382 Process-3 [INFO] {'lat': 38.8703041, 'lng': -77.3214054, 'alt': -0.03, 'heading': 323.13}
2017-03-14 16:46:16,882 Process-3 [INFO] {'lat': 38.8703041, 'lng': -77.3214055, 'alt': -0.02, 'heading': 323.13}
2017-03-14 16:46:17,382 Process-3 [INFO] {'lat': 38.8703041, 'lng': -77.3214054, 'alt': -0.01, 'heading': 323.13}
2017-03-14 16:46:17,882 Process-3 [INFO] {'lat': 38.8703041, 'lng': -77.3214055, 'alt': -0.01, 'heading': 323.13}
2017-03-14 16:46:18,382 Process-3 [INFO] {'lat': 38.8703041, 'lng': -77.3214054, 'alt': -0.02, 'heading': 323.13}
2017-03-14 16:46:18,882 Process-3 [INFO] {'lat': 38.8703041, 'lng': -77.3214054, 'alt': -0.02, 'heading': 323.13}
2017-03-14 16:46:19,382 Process-3 [INFO] {'lat': 38.8703042, 'lng': -77.3214055, 'alt': -0.04, 'heading': 323.13}
2017-03-14 16:46:19,882 Process-3 [INFO] {'lat': 38.8703041, 'lng': -77.3214055, 'alt': -0.04, 'heading': 323.13}
2017-03-14 16:46:20,382 Process-3 [INFO] {'lat': 38.8703042, 'lng': -77.3214055, 'alt': -0.04, 'heading': 323.13}
2017-03-14 16:46:20,882 Process-3 [INFO] {'lat': 38.8703042, 'lng': -77.3214055, 'alt': -0.04, 'heading': 323.13}
2017-03-14 16:46:21,382 Process-3 [INFO] {'lat': 38.8703041, 'lng': -77.3214055, 'alt': -0.04, 'heading': 323.13}
2017-03-14 16:46:21,884 Process-3 [INFO] {'lat': 38.8703042, 'lng': -77.3214055, 'alt': -0.04, 'heading': 323.13}
2017-03-14 16:46:22,382 Process-3 [INFO] {'lat': 38.8703041, 'lng': -77.3214055, 'alt': -0.05, 'heading': 323.13}
2017-03-14 16:46:22,898 Process-3 [INFO] {'lat': 38.8703042, 'lng': -77.3214055, 'alt': -0.06, 'heading': 323.13}
2017-03-14 16:46:23,384 Process-3 [INFO] {'lat': 38.8703042, 'lng': -77.3214055, 'alt': -0.06, 'heading': 323.13}
2017-03-14 16:46:23,884 Process-3 [INFO] {'lat': 38.8703042, 'lng': -77.3214055, 'alt': -0.06, 'heading': 323.13}
2017-03-14 16:46:24,384 Process-3 [INFO] {'lat': 38.8703042, 'lng': -77.3214055, 'alt': -0.06, 'heading': 323.13}
2017-03-14 16:46:24,884 Process-3 [INFO] {'lat': 38.8703042, 'lng': -77.3214055, 'alt': -0.06, 'heading': 323.13}
2017-03-14 16:46:25,384 Process-3 [INFO] {'lat': 38.8703042, 'lng': -77.3214055, 'alt': 0.0, 'heading': 323.13}
2017-03-14 16:46:25,884 Process-3 [INFO] {'lat': 38.8703042, 'lng': -77.3214055, 'alt': 0.0, 'heading': 323.13}
2017-03-14 16:46:26,384 Process-3 [INFO] {'lat': 38.8703042, 'lng': -77.3214055, 'alt': 0.01, 'heading': 323.13}
2017-03-14 16:46:26,884 Process-3 [INFO] {'lat': 38.8703042, 'lng': -77.3214055, 'alt': 0.0, 'heading': 323.13}
2017-03-14 16:46:27,384 Process-3 [INFO] {'lat': 38.8703042, 'lng': -77.3214055, 'alt': 0.01, 'heading': 276.63}
2017-03-14 16:46:27,884 Process-3 [INFO] {'lat': 38.8703042, 'lng': -77.3214055, 'alt': 0.01, 'heading': 157.07}
2017-03-14 16:46:28,384 Process-3 [INFO] {'lat': 38.8703042, 'lng': -77.3214056, 'alt': 0.02, 'heading': 270.75}
2017-03-14 16:46:28,900 Process-3 [INFO] {'lat': 38.870304, 'lng': -77.3214053, 'alt': 0.16, 'heading': 142.14}
2017-03-14 16:46:29,384 Process-3 [INFO] {'lat': 38.8703036, 'lng': -77.3214044, 'alt': 0.63, 'heading': 122.63}
2017-03-14 16:46:29,884 Process-3 [INFO] {'lat': 38.8703031, 'lng': -77.3214036, 'alt': 1.37, 'heading': 130.34}
2017-03-14 16:46:30,384 Process-3 [INFO] {'lat': 38.8703028, 'lng': -77.3214033, 'alt': 2.28, 'heading': 133.17}
2017-03-14 16:46:30,884 Process-3 [INFO] {'lat': 38.8703026, 'lng': -77.3214029, 'alt': 3.29, 'heading': 128.58}
2017-03-14 16:46:31,384 Process-3 [INFO] {'lat': 38.8703024, 'lng': -77.3214026, 'alt': 5.47, 'heading': 125.39}
2017-03-14 16:46:31,884 Process-3 [INFO] {'lat': 38.8703024, 'lng': -77.3214026, 'alt': 6.6, 'heading': 135.04}
2017-03-14 16:46:32,384 Process-3 [INFO] {'lat': 38.8703024, 'lng': -77.3214026, 'alt': 7.75, 'heading': 188.99}
2017-03-14 16:46:32,884 Process-3 [INFO] {'lat': 38.8703025, 'lng': -77.3214027, 'alt': 8.92, 'heading': 159.19}
2017-03-14 16:46:33,384 Process-3 [INFO] {'lat': 38.8703025, 'lng': -77.3214028, 'alt': 10.11, 'heading': 144.07}
2017-03-14 16:46:33,884 Process-3 [INFO] {'lat': 38.8703024, 'lng': -77.3214028, 'alt': 11.29, 'heading': 145.27}
2017-03-14 16:46:34,384 Process-3 [INFO] {'lat': 38.8703023, 'lng': -77.3214026, 'alt': 12.46, 'heading': 141.8}
2017-03-14 16:46:34,884 Process-3 [INFO] {'lat': 38.8703022, 'lng': -77.3214025, 'alt': 13.64, 'heading': 143.37}
2017-03-14 16:46:35,384 Process-3 [INFO] {'lat': 38.870302, 'lng': -77.3214023, 'alt': 14.82, 'heading': 149.3}
2017-03-14 16:46:35,884 Process-3 [INFO] {'lat': 38.8703019, 'lng': -77.3214023, 'alt': 16.0, 'heading': 191.13}
2017-03-14 16:46:36,384 Process-3 [INFO] {'lat': 38.8703018, 'lng': -77.3214022, 'alt': 17.17, 'heading': 259.18}
2017-03-14 16:46:36,884 Process-3 [INFO] {'lat': 38.8703018, 'lng': -77.3214021, 'alt': 18.34, 'heading': 304.94}
2017-03-14 16:46:37,384 Process-3 [INFO] {'lat': 38.8703018, 'lng': -77.3214021, 'alt': 19.5, 'heading': 308.61}
2017-03-14 16:46:37,884 Process-3 [INFO] {'lat': 38.870302, 'lng': -77.3214022, 'alt': 20.61, 'heading': 335.89}
2017-03-14 16:46:38,384 Process-3 [INFO] {'lat': 38.8703029, 'lng': -77.3214026, 'alt': 21.49, 'heading': 335.39}
2017-03-14 16:46:38,884 Process-3 [INFO] {'lat': 38.8703043, 'lng': -77.321403, 'alt': 22.03, 'heading': 348.55}
2017-03-14 16:46:39,384 Process-3 [INFO] {'lat': 38.8703077, 'lng': -77.3214037, 'alt': 22.27, 'heading': 346.57}
2017-03-14 16:46:39,884 Process-3 [INFO] {'lat': 38.8703126, 'lng': -77.321405, 'alt': 22.32, 'heading': 347.23}
2017-03-14 16:46:40,385 Process-3 [INFO] {'lat': 38.870319, 'lng': -77.3214066, 'alt': 22.24, 'heading': 348.45}
2017-03-14 16:46:40,885 Process-3 [INFO] {'lat': 38.8703271, 'lng': -77.3214084, 'alt': 21.77, 'heading': 349.79}
2017-03-14 16:46:41,385 Process-3 [INFO] {'lat': 38.8703369, 'lng': -77.3214106, 'alt': 21.77, 'heading': 349.79}
2017-03-14 16:46:41,885 Process-3 [INFO] {'lat': 38.8703482, 'lng': -77.3214132, 'alt': 21.41, 'heading': 350.07}
2017-03-14 16:46:42,385 Process-3 [INFO] {'lat': 38.8703603, 'lng': -77.3214159, 'alt': 21.05, 'heading': 350.17}
2017-03-14 16:46:42,885 Process-3 [INFO] {'lat': 38.870372, 'lng': -77.3214183, 'alt': 20.75, 'heading': 352.12}
2017-03-14 16:46:43,385 Process-3 [INFO] {'lat': 38.8703838, 'lng': -77.3214204, 'alt': 20.52, 'heading': 352.66}
2017-03-14 16:46:43,885 Process-3 [INFO] {'lat': 38.8703961, 'lng': -77.3214227, 'alt': 20.3, 'heading': 352.42}
2017-03-14 16:46:44,385 Process-3 [INFO] {'lat': 38.8704089, 'lng': -77.3214249, 'alt': 20.06, 'heading': 352.36}
2017-03-14 16:46:44,885 Process-3 [INFO] {'lat': 38.870422, 'lng': -77.3214273, 'alt': 19.81, 'heading': 352.48}
2017-03-14 16:46:45,385 Process-3 [INFO] {'lat': 38.8704354, 'lng': -77.3214296, 'alt': 19.55, 'heading': 352.5}
2017-03-14 16:46:45,885 Process-3 [INFO] {'lat': 38.870449, 'lng': -77.321432, 'alt': 19.28, 'heading': 352.35}
2017-03-14 16:46:46,385 Process-3 [INFO] {'lat': 38.8704628, 'lng': -77.3214344, 'alt': 19.03, 'heading': 352.46}
2017-03-14 16:46:46,885 Process-3 [INFO] {'lat': 38.8704628, 'lng': -77.3214344, 'alt': 19.03, 'heading': 352.46}
2017-03-14 16:46:47,385 Process-3 [INFO] {'lat': 38.8704909, 'lng': -77.3214394, 'alt': 18.5, 'heading': 351.89}
2017-03-14 16:46:47,885 Process-3 [INFO] {'lat': 38.8705036, 'lng': -77.3214409, 'alt': 18.31, 'heading': 355.83}
2017-03-14 16:46:48,385 Process-3 [INFO] {'lat': 38.8705144, 'lng': -77.3214419, 'alt': 18.21, 'heading': 356.79}
2017-03-14 16:46:48,885 Process-3 [INFO] {'lat': 38.8705235, 'lng': -77.3214437, 'alt': 18.16, 'heading': 351.58}
2017-03-14 16:46:49,387 Process-3 [INFO] {'lat': 38.8705235, 'lng': -77.3214437, 'alt': 18.13, 'heading': 347.27}
2017-03-14 16:46:49,887 Process-3 [INFO] {'lat': 38.8705348, 'lng': -77.3214473, 'alt': 18.1, 'heading': 346.16}
2017-03-14 16:46:50,387 Process-3 [INFO] {'lat': 38.8705348, 'lng': -77.3214473, 'alt': 18.1, 'heading': 346.16}
2017-03-14 16:46:50,887 Process-3 [INFO] {'lat': 38.8705377, 'lng': -77.3214473, 'alt': 18.08, 'heading': 357.45}
2017-03-14 16:46:51,387 Process-3 [INFO] {'lat': 38.8705395, 'lng': -77.3214463, 'alt': 18.07, 'heading': 21.67}
2017-03-14 16:46:51,887 Process-3 [INFO] {'lat': 38.8705404, 'lng': -77.3214398, 'alt': 17.98, 'heading': 89.22}
2017-03-14 16:46:52,387 Process-3 [INFO] {'lat': 38.8705404, 'lng': -77.3214398, 'alt': 17.98, 'heading': 89.22}
2017-03-14 16:46:52,887 Process-3 [INFO] {'lat': 38.87054, 'lng': -77.3214343, 'alt': 17.9, 'heading': 94.74}
2017-03-14 16:46:53,387 Process-3 [INFO] {'lat': 38.8705391, 'lng': -77.3214276, 'alt': 17.81, 'heading': 99.95}
2017-03-14 16:46:53,887 Process-3 [INFO] {'lat': 38.8705378, 'lng': -77.3214195, 'alt': 17.7, 'heading': 102.03}
2017-03-14 16:46:54,387 Process-3 [INFO] {'lat': 38.8705362, 'lng': -77.3214093, 'alt': 17.55, 'heading': 101.76}
2017-03-14 16:46:54,887 Process-3 [INFO] {'lat': 38.8705342, 'lng': -77.321397, 'alt': 17.37, 'heading': 101.56}
2017-03-14 16:46:55,387 Process-3 [INFO] {'lat': 38.8705319, 'lng': -77.3213825, 'alt': 17.14, 'heading': 101.56}
2017-03-14 16:46:55,887 Process-3 [INFO] {'lat': 38.8705293, 'lng': -77.3213665, 'alt': 16.89, 'heading': 101.83}
144, 'lng': -77.3214419, 'alt': 18.21, 'heading': 356.79}
2017-03-14 16:46:48,621 Process-4 [INFO] Sending telem to send_course socket: lat 38.8703275823 
2017-03-14 16:46:48,683 Process-4 [INFO] Sending telem to send_course socket: lng -77.3202459105 
2017-03-14 16:46:48,746 Process-4 [INFO] Sending telem to send_course socket: alt 18.21 
2017-03-14 16:46:48,885 Process-3 [INFO] {'lat': 38.8705235, 'lng': -77.3214437, 'alt': 18.16, 'heading': 351.58}
2017-03-14 16:46:49,387 Process-3 [INFO] {'lat': 38.8705235, 'lng': -77.3214437, 'alt': 18.13, 'heading': 347.27}
2017-03-14 16:46:49,621 Process-4 [INFO] Sending telem to send_course socket: lat 38.8703876845 
2017-03-14 16:46:49,683 Process-4 [INFO] Sending telem to send_course socket: lng -77.320249186 
2017-03-14 16:46:49,746 Process-4 [INFO] Sending telem to send_course socket: alt 18.13 
2017-03-14 16:46:49,887 Process-3 [INFO] {'lat': 38.8705348, 'lng': -77.3214473, 'alt': 18.1, 'heading': 346.16}
2017-03-14 16:46:50,387 Process-3 [INFO] {'lat': 38.8705348, 'lng': -77.3214473, 'alt': 18.1, 'heading': 346.16}
2017-03-14 16:46:50,887 Process-3 [INFO] {'lat': 38.8705377, 'lng': -77.3214473, 'alt': 18.08, 'heading': 357.45}
2017-03-14 16:46:51,387 Process-3 [INFO] {'lat': 38.8705395, 'lng': -77.3214463, 'alt': 18.07, 'heading': 21.67}
2017-03-14 16:46:51,887 Process-3 [INFO] {'lat': 38.8705404, 'lng': -77.3214398, 'alt': 17.98, 'heading': 89.22}
2017-03-14 16:46:52,387 Process-3 [INFO] {'lat': 38.8705404, 'lng': -77.3214398, 'alt': 17.98, 'heading': 89.22}
2017-03-14 16:46:52,887 Process-3 [INFO] {'lat': 38.87054, 'lng': -77.3214343, 'alt': 17.9, 'heading': 94.74}
2017-03-14 16:46:53,387 Process-3 [INFO] {'lat': 38.8705391, 'lng': -77.3214276, 'alt': 17.81, 'heading': 99.95}
2017-03-14 16:46:53,887 Process-3 [INFO] {'lat': 38.8705378, 'lng': -77.3214195, 'alt': 17.7, 'heading': 102.03}
2017-03-14 16:46:54,387 Process-3 [INFO] {'lat': 38.8705362, 'lng': -77.3214093, 'alt': 17.55, 'heading': 101.76}
2017-03-14 16:46:54,887 Process-3 [INFO] {'lat': 38.8705342, 'lng': -77.321397, 'alt': 17.37, 'heading': 101.56}
2017-03-14 16:46:55,387 Process-3 [INFO] {'lat': 38.8705319, 'lng': -77.3213825, 'alt': 17.14, 'heading': 101.56}
2017-03-14 16:46:55,887 Process-3 [INFO] {'lat': 38.8705293, 'lng': -77.3213665, 'alt': 16.89, 'heading': 101.83}
