2017-05-12 07:03:46,969 MainProcess [INFO] Connecting to UAV on: tcp:127.0.0.1:14551
2017-05-12 07:03:58,244 MainProcess [INFO] Connected to UAV on: tcp:127.0.0.1:14551
2017-05-12 07:03:58,244 MainProcess [INFO]  Get all vehicle attribute values:
2017-05-12 07:03:58,245 MainProcess [INFO]    Major version number: 3
2017-05-12 07:03:58,246 MainProcess [INFO]    Minor version number: 3
2017-05-12 07:03:58,246 MainProcess [INFO]    Patch version number: 0
2017-05-12 07:03:58,246 MainProcess [INFO]    Release version: 0
2017-05-12 07:03:58,247 MainProcess [INFO]    Stable release?: True
2017-05-12 07:03:58,247 MainProcess [INFO]  Autopilot capabilities
2017-05-12 07:03:58,248 MainProcess [INFO]    Supports MISSION_FLOAT message type: True
2017-05-12 07:03:58,248 MainProcess [INFO]    Supports PARAM_FLOAT message type: True
2017-05-12 07:03:58,248 MainProcess [INFO]    Supports MISSION_INT message type: False
2017-05-12 07:03:58,249 MainProcess [INFO]    Supports COMMAND_INT message type: False
2017-05-12 07:03:58,249 MainProcess [INFO]    Supports PARAM_UNION message type: False
2017-05-12 07:03:58,249 MainProcess [INFO]    Supports ftp for file transfers: False
2017-05-12 07:03:58,249 MainProcess [INFO]    Supports commanding attitude offboard: False
2017-05-12 07:03:58,250 MainProcess [INFO]    Supports commanding position and velocity targets in local NED frame: True
2017-05-12 07:03:58,250 MainProcess [INFO]    Supports set position + velocity targets in global scaled integers: True
2017-05-12 07:03:58,250 MainProcess [INFO]    Supports terrain protocol / data handling: True
2017-05-12 07:03:58,251 MainProcess [INFO]    Supports direct actuator control: False
2017-05-12 07:03:58,252 MainProcess [INFO]    Supports the flight termination command: True
2017-05-12 07:03:58,253 MainProcess [INFO]    Supports mission_float message type: True
2017-05-12 07:03:58,254 MainProcess [INFO]    Supports onboard compass calibration: False
2017-05-12 07:03:58,254 MainProcess [INFO]  Global Location: LocationGlobal:lat=38.8703087,lon=-77.3213999,alt=584.1
2017-05-12 07:03:58,255 MainProcess [INFO]  Global Location (relative altitude): LocationGlobalRelative:lat=38.8703087,lon=-77.3213999,alt=-0.01
2017-05-12 07:03:58,255 MainProcess [INFO]  Local Location: LocationLocal:north=None,east=None,down=None
2017-05-12 07:03:58,256 MainProcess [INFO]  Attitude: Attitude:pitch=-0.0197343360633,yaw=0.808459460735,roll=0.00458386959508
2017-05-12 07:03:58,256 MainProcess [INFO]  Velocity: [0.0, 0.0, 0.0]
2017-05-12 07:03:58,257 MainProcess [INFO]  GPS: GPSInfo:fix=3,num_sat=10
2017-05-12 07:03:58,257 MainProcess [INFO]  Gimbal status: Gimbal: pitch=None, roll=None, yaw=None
2017-05-12 07:03:58,257 MainProcess [INFO]  Battery: Battery:voltage=12.587,current=0.0,level=66
2017-05-12 07:03:58,258 MainProcess [INFO]  EKF OK?: True
2017-05-12 07:03:58,258 MainProcess [INFO]  Last Heartbeat: 0.691936389998
2017-05-12 07:03:58,258 MainProcess [INFO]  Rangefinder: Rangefinder: distance=None, voltage=None
2017-05-12 07:03:58,258 MainProcess [INFO]  Rangefinder distance: None
2017-05-12 07:03:58,259 MainProcess [INFO]  Rangefinder voltage: None
2017-05-12 07:03:58,259 MainProcess [INFO]  Heading: 46
2017-05-12 07:03:58,259 MainProcess [INFO]  Is Armable?: True
2017-05-12 07:03:58,259 MainProcess [INFO]  System status: STANDBY
2017-05-12 07:03:58,260 MainProcess [INFO]  Groundspeed: 0.0
2017-05-12 07:03:58,260 MainProcess [INFO]  Airspeed: 0.0
2017-05-12 07:03:58,260 MainProcess [INFO]  Mode: RTL
2017-05-12 07:03:58,260 MainProcess [INFO]  Armed: False
2017-05-12 07:03:58,261 MainProcess [INFO] Waiting for UAV to be armable
2017-05-12 07:03:58,261 MainProcess [INFO] Waiting for UAV to load waypoints
2017-05-12 07:03:58,261 MainProcess [INFO] Downloading waypoints from UAV on: tcp:127.0.0.1:14551
2017-05-12 07:03:58,970 MainProcess [INFO] Waypoints successfully downloaded
2017-05-12 07:03:58,972 MainProcess [INFO] Enabling SDA...
2017-05-12 07:03:58,974 MainProcess [INFO] SDA enabled
2017-05-12 07:03:58,975 MainProcess [INFO] Everything is instantiated...Beginning operation
2017-05-12 07:05:10,757 root [INFO] Avoiding obstacles...
2017-05-12 07:05:11,266 root [INFO] Avoiding obstacles...
2017-05-12 07:05:11,775 root [INFO] Avoiding obstacles...
2017-05-12 07:05:12,282 root [INFO] Avoiding obstacles...
2017-05-12 07:05:12,789 root [INFO] Avoiding obstacles...
2017-05-12 07:05:13,298 root [INFO] Avoiding obstacles...
2017-05-12 07:05:13,807 root [INFO] Avoiding obstacles...
2017-05-12 07:05:14,314 root [INFO] Avoiding obstacles...
2017-05-12 07:05:14,822 root [INFO] Avoiding obstacles...
2017-05-12 07:05:15,328 root [INFO] Avoiding obstacles...
2017-05-12 07:05:15,837 root [INFO] Avoiding obstacles...
2017-05-12 07:05:16,345 root [INFO] Avoiding obstacles...
2017-05-12 07:05:16,853 root [INFO] Avoiding obstacles...
2017-05-12 07:05:17,361 root [INFO] Avoiding obstacles...
2017-05-12 07:05:17,869 root [INFO] Avoiding obstacles...
2017-05-12 07:05:18,378 root [INFO] Avoiding obstacles...
2017-05-12 07:05:18,887 root [INFO] Avoiding obstacles...
2017-05-12 07:05:19,396 root [INFO] Avoiding obstacles...
2017-05-12 07:05:19,904 root [INFO] Avoiding obstacles...
2017-05-12 07:05:20,411 root [INFO] Avoiding obstacles...
2017-05-12 07:05:20,917 root [INFO] Avoiding obstacles...
2017-05-12 07:05:21,423 root [INFO] Avoiding obstacles...
2017-05-12 07:05:21,929 root [INFO] Avoiding obstacles...
2017-05-12 07:05:22,432 root [INFO] Avoiding obstacles...
2017-05-12 07:05:22,940 root [INFO] Avoiding obstacles...
2017-05-12 07:05:23,446 root [INFO] Avoiding obstacles...
2017-05-12 07:05:23,958 root [INFO] Avoiding obstacles...
2017-05-12 07:05:24,466 root [INFO] Avoiding obstacles...
2017-05-12 07:05:24,977 root [INFO] Avoiding obstacles...
2017-05-12 07:05:25,487 root [INFO] Avoiding obstacles...
2017-05-12 07:05:25,996 root [INFO] Avoiding obstacles...
2017-05-12 07:05:26,506 root [INFO] Avoiding obstacles...
2017-05-12 07:05:27,017 root [INFO] Avoiding obstacles...
2017-05-12 07:05:27,526 root [INFO] Avoiding obstacles...
2017-05-12 07:05:28,036 root [INFO] Avoiding obstacles...
2017-05-12 07:05:28,545 root [INFO] Avoiding obstacles...
2017-05-12 07:05:29,055 root [INFO] Avoiding obstacles...
2017-05-12 07:05:29,564 root [INFO] Avoiding obstacles...
2017-05-12 07:05:30,071 root [INFO] Avoiding obstacles...
2017-05-12 07:05:30,579 root [INFO] Avoiding obstacles...
2017-05-12 07:05:31,089 root [INFO] Avoiding obstacles...
2017-05-12 07:05:31,598 root [INFO] Avoiding obstacles...
2017-05-12 07:05:32,107 root [INFO] Avoiding obstacles...
2017-05-12 07:05:32,617 root [INFO] Avoiding obstacles...
2017-05-12 07:05:33,125 root [INFO] Avoiding obstacles...
2017-05-12 07:05:33,635 root [INFO] Avoiding obstacles...
2017-05-12 07:05:34,143 root [INFO] Avoiding obstacles...
2017-05-12 07:05:34,648 root [INFO] Avoiding obstacles...
2017-05-12 07:05:35,160 root [INFO] Avoiding obstacles...
2017-05-12 07:05:35,664 root [INFO] Avoiding obstacles...
2017-05-12 07:05:36,168 root [INFO] Avoiding obstacles...
2017-05-12 07:05:36,671 root [INFO] Avoiding obstacles...
2017-05-12 07:05:37,175 root [INFO] Avoiding obstacles...
2017-05-12 07:05:37,678 root [INFO] Avoiding obstacles...
2017-05-12 07:05:38,182 root [INFO] Avoiding obstacles...
2017-05-12 07:05:38,685 root [INFO] Avoiding obstacles...
2017-05-12 07:05:39,189 root [INFO] Avoiding obstacles...
2017-05-12 07:05:39,691 root [INFO] Avoiding obstacles...
2017-05-12 07:05:40,194 root [INFO] Avoiding obstacles...
2017-05-12 07:05:40,697 root [INFO] Avoiding obstacles...
2017-05-12 07:05:41,200 root [INFO] Avoiding obstacles...
2017-05-12 07:05:41,703 root [INFO] Avoiding obstacles...
2017-05-12 07:05:42,206 root [INFO] Avoiding obstacles...
2017-05-12 07:05:42,710 root [INFO] Avoiding obstacles...
2017-05-12 07:05:43,213 root [INFO] Avoiding obstacles...
2017-05-12 07:05:43,717 root [INFO] Avoiding obstacles...
2017-05-12 07:05:44,220 root [INFO] Avoiding obstacles...
2017-05-12 07:05:44,725 root [INFO] Avoiding obstacles...
2017-05-12 07:05:45,230 root [INFO] Avoiding obstacles...
2017-05-12 07:05:45,734 root [INFO] Avoiding obstacles...
2017-05-12 07:05:46,238 root [INFO] Avoiding obstacles...
2017-05-12 07:05:46,742 root [INFO] Avoiding obstacles...
2017-05-12 07:05:47,245 root [INFO] Avoiding obstacles...
2017-05-12 07:05:47,747 root [INFO] Avoiding obstacles...
2017-05-12 07:05:48,251 root [INFO] Avoiding obstacles...
2017-05-12 07:05:48,754 root [INFO] Avoiding obstacles...
2017-05-12 07:05:49,258 root [INFO] Avoiding obstacles...
2017-05-12 07:05:49,761 root [INFO] Avoiding obstacles...
2017-05-12 07:05:50,265 root [INFO] Avoiding obstacles...
2017-05-12 07:05:50,769 root [INFO] Avoiding obstacles...
2017-05-12 07:05:51,273 root [INFO] Avoiding obstacles...
2017-05-12 07:05:51,777 root [INFO] Avoiding obstacles...
2017-05-12 07:05:52,282 root [INFO] Avoiding obstacles...
2017-05-12 07:07:17,135 root [INFO] Avoiding obstacles...
2017-05-12 07:07:17,650 root [INFO] Avoiding obstacles...
2017-05-12 07:07:18,162 root [INFO] Avoiding obstacles...
2017-05-12 07:07:18,672 root [INFO] Avoiding obstacles...
2017-05-12 07:07:19,180 root [INFO] Avoiding obstacles...
2017-05-12 07:07:19,686 root [INFO] Avoiding obstacles...
2017-05-12 07:07:20,198 root [INFO] Avoiding obstacles...
2017-05-12 07:07:20,710 root [INFO] Avoiding obstacles...
2017-05-12 07:07:21,219 root [INFO] Avoiding obstacles...
2017-05-12 07:07:21,729 root [INFO] Avoiding obstacles...
2017-05-12 07:07:22,241 root [INFO] Avoiding obstacles...
2017-05-12 07:07:22,751 root [INFO] Avoiding obstacles...
2017-05-12 07:07:23,258 root [INFO] Avoiding obstacles...
2017-05-12 07:07:23,761 root [INFO] Avoiding obstacles...
2017-05-12 07:07:24,266 root [INFO] Avoiding obstacles...
2017-05-12 07:07:24,769 root [INFO] Avoiding obstacles...
2017-05-12 07:07:25,274 root [INFO] Avoiding obstacles...
2017-05-12 07:07:25,780 root [INFO] Avoiding obstacles...
2017-05-12 07:07:26,284 root [INFO] Avoiding obstacles...
2017-05-12 07:07:26,787 root [INFO] Avoiding obstacles...
2017-05-12 07:07:27,291 root [INFO] Avoiding obstacles...
2017-05-12 07:07:27,795 root [INFO] Avoiding obstacles...
2017-05-12 07:07:28,299 root [INFO] Avoiding obstacles...
2017-05-12 07:07:28,803 root [INFO] Avoiding obstacles...
2017-05-12 07:07:29,306 root [INFO] Avoiding obstacles...
2017-05-12 07:07:29,810 root [INFO] Avoiding obstacles...
2017-05-12 07:07:30,314 root [INFO] Avoiding obstacles...
2017-05-12 07:07:30,818 root [INFO] Avoiding obstacles...
2017-05-12 07:07:31,322 root [INFO] Avoiding obstacles...
2017-05-12 07:07:31,828 root [INFO] Avoiding obstacles...
2017-05-12 07:07:32,339 root [INFO] Avoiding obstacles...
2017-05-12 07:07:32,850 root [INFO] Avoiding obstacles...
2017-05-12 07:07:33,362 root [INFO] Avoiding obstacles...
2017-05-12 07:07:33,871 root [INFO] Avoiding obstacles...
2017-05-12 07:07:34,381 root [INFO] Avoiding obstacles...
2017-05-12 07:07:34,893 root [INFO] Avoiding obstacles...
2017-05-12 07:07:35,404 root [INFO] Avoiding obstacles...
2017-05-12 07:07:35,915 root [INFO] Avoiding obstacles...
2017-05-12 07:07:36,422 root [INFO] Avoiding obstacles...
2017-05-12 07:07:36,932 root [INFO] Avoiding obstacles...
2017-05-12 07:07:37,441 root [INFO] Avoiding obstacles...
2017-05-12 07:07:37,952 root [INFO] Avoiding obstacles...
2017-05-12 07:07:38,460 root [INFO] Avoiding obstacles...
12 07:05:24,466 root [INFO] Avoiding obstacles...
2017-05-12 07:05:24,977 root [INFO] Avoiding obstacles...
2017-05-12 07:05:24,977 root [INFO] Avoiding obstacles...
2017-05-12 07:05:25,487 root [INFO] Avoiding obstacles...
2017-05-12 07:05:25,487 root [INFO] Avoiding obstacles...
2017-05-12 07:05:25,996 root [INFO] Avoiding obstacles...
2017-05-12 07:05:25,996 root [INFO] Avoiding obstacles...
2017-05-12 07:05:26,506 root [INFO] Avoiding obstacles...
2017-05-12 07:05:26,506 root [INFO] Avoiding obstacles...
2017-05-12 07:05:27,017 root [INFO] Avoiding obstacles...
2017-05-12 07:05:27,017 root [INFO] Avoiding obstacles...
2017-05-12 07:05:27,526 root [INFO] Avoiding obstacles...
2017-05-12 07:05:27,526 root [INFO] Avoiding obstacles...
2017-05-12 07:05:28,036 root [INFO] Avoiding obstacles...
2017-05-12 07:05:28,036 root [INFO] Avoiding obstacles...
2017-05-12 07:05:28,545 root [INFO] Avoiding obstacles...
2017-05-12 07:05:28,545 root [INFO] Avoiding obstacles...
2017-05-12 07:05:29,055 root [INFO] Avoiding obstacles...
2017-05-12 07:05:29,055 root [INFO] Avoiding obstacles...
2017-05-12 07:05:29,564 root [INFO] Avoiding obstacles...
2017-05-12 07:05:29,564 root [INFO] Avoiding obstacles...
2017-05-12 07:05:30,071 root [INFO] Avoiding obstacles...
2017-05-12 07:05:30,071 root [INFO] Avoiding obstacles...
2017-05-12 07:05:30,579 root [INFO] Avoiding obstacles...
2017-05-12 07:05:30,579 root [INFO] Avoiding obstacles...
2017-05-12 07:05:31,089 root [INFO] Avoiding obstacles...
2017-05-12 07:05:31,089 root [INFO] Avoiding obstacles...
2017-05-12 07:05:31,598 root [INFO] Avoiding obstacles...
2017-05-12 07:05:31,598 root [INFO] Avoiding obstacles...
2017-05-12 07:05:32,107 root [INFO] Avoiding obstacles...
2017-05-12 07:05:32,107 root [INFO] Avoiding obstacles...
2017-05-12 07:05:32,617 root [INFO] Avoiding obstacles...
2017-05-12 07:05:32,617 root [INFO] Avoiding obstacles...
2017-05-12 07:05:33,125 root [INFO] Avoiding obstacles...
2017-05-12 07:05:33,125 root [INFO] Avoiding obstacles...
2017-05-12 07:05:33,635 root [INFO] Avoiding obstacles...
2017-05-12 07:05:33,635 root [INFO] Avoiding obstacles...
2017-05-12 07:05:34,143 root [INFO] Avoiding obstacles...
2017-05-12 07:05:34,143 root [INFO] Avoiding obstacles...
2017-05-12 07:05:34,648 root [INFO] Avoiding obstacles...
2017-05-12 07:05:34,648 root [INFO] Avoiding obstacles...
2017-05-12 07:05:35,160 root [INFO] Avoiding obstacles...
2017-05-12 07:05:35,160 root [INFO] Avoiding obstacles...
2017-05-12 07:05:35,664 root [INFO] Avoiding obstacles...
2017-05-12 07:05:35,664 root [INFO] Avoiding obstacles...
2017-05-12 07:05:36,168 root [INFO] Avoiding obstacles...
2017-05-12 07:05:36,168 root [INFO] Avoiding obstacles...
2017-05-12 07:05:36,671 root [INFO] Avoiding obstacles...
2017-05-12 07:05:36,671 root [INFO] Avoiding obstacles...
2017-05-12 07:05:37,175 root [INFO] Avoiding obstacles...
2017-05-12 07:05:37,175 root [INFO] Avoiding obstacles...
2017-05-12 07:05:37,678 root [INFO] Avoiding obstacles...
2017-05-12 07:05:37,678 root [INFO] Avoiding obstacles...
2017-05-12 07:05:38,182 root [INFO] Avoiding obstacles...
2017-05-12 07:05:38,182 root [INFO] Avoiding obstacles...
2017-05-12 07:05:38,685 root [INFO] Avoiding obstacles...
2017-05-12 07:05:38,685 root [INFO] Avoiding obstacles...
2017-05-12 07:05:39,189 root [INFO] Avoiding obstacles...
2017-05-12 07:05:39,189 root [INFO] Avoiding obstacles...
2017-05-12 07:05:39,691 root [INFO] Avoiding obstacles...
2017-05-12 07:05:39,691 root [INFO] Avoiding obstacles...
2017-05-12 07:05:40,194 root [INFO] Avoiding obstacles...
2017-05-12 07:05:40,194 root [INFO] Avoiding obstacles...
2017-05-12 07:05:40,697 root [INFO] Avoiding obstacles...
2017-05-12 07:05:40,697 root [INFO] Avoiding obstacles...
2017-05-12 07:05:41,200 root [INFO] Avoiding obstacles...
2017-05-12 07:05:41,200 root [INFO] Avoiding obstacles...
2017-05-12 07:05:41,703 root [INFO] Avoiding obstacles...
2017-05-12 07:05:41,703 root [INFO] Avoiding obstacles...
2017-05-12 07:05:42,206 root [INFO] Avoiding obstacles...
2017-05-12 07:05:42,206 root [INFO] Avoiding obstacles...
2017-05-12 07:05:42,710 root [INFO] Avoiding obstacles...
2017-05-12 07:05:42,710 root [INFO] Avoiding obstacles...
2017-05-12 07:05:43,213 root [INFO] Avoiding obstacles...
2017-05-12 07:05:43,213 root [INFO] Avoiding obstacles...
2017-05-12 07:05:43,717 root [INFO] Avoiding obstacles...
2017-05-12 07:05:43,717 root [INFO] Avoiding obstacles...
2017-05-12 07:05:44,220 root [INFO] Avoiding obstacles...
2017-05-12 07:05:44,220 root [INFO] Avoiding obstacles...
2017-05-12 07:05:44,725 root [INFO] Avoiding obstacles...
2017-05-12 07:05:44,725 root [INFO] Avoiding obstacles...
2017-05-12 07:05:45,230 root [INFO] Avoiding obstacles...
2017-05-12 07:05:45,230 root [INFO] Avoiding obstacles...
2017-05-12 07:05:45,734 root [INFO] Avoiding obstacles...
2017-05-12 07:05:45,734 root [INFO] Avoiding obstacles...
2017-05-12 07:05:46,238 root [INFO] Avoiding obstacles...
2017-05-12 07:05:46,238 root [INFO] Avoiding obstacles...
2017-05-12 07:05:46,742 root [INFO] Avoiding obstacles...
2017-05-12 07:05:46,742 root [INFO] Avoiding obstacles...
2017-05-12 07:05:47,245 root [INFO] Avoiding obstacles...
2017-05-12 07:05:47,245 root [INFO] Avoiding obstacles...
2017-05-12 07:05:47,747 root [INFO] Avoiding obstacles...
2017-05-12 07:05:47,747 root [INFO] Avoiding obstacles...
2017-05-12 07:05:48,251 root [INFO] Avoiding obstacles...
2017-05-12 07:05:48,251 root [INFO] Avoiding obstacles...
2017-05-12 07:05:48,754 root [INFO] Avoiding obstacles...
2017-05-12 07:05:48,754 root [INFO] Avoiding obstacles...
2017-05-12 07:05:49,258 root [INFO] Avoiding obstacles...
2017-05-12 07:05:49,258 root [INFO] Avoiding obstacles...
2017-05-12 07:05:49,761 root [INFO] Avoiding obstacles...
2017-05-12 07:05:49,761 root [INFO] Avoiding obstacles...
2017-05-12 07:05:50,265 root [INFO] Avoiding obstacles...
2017-05-12 07:05:50,265 root [INFO] Avoiding obstacles...
2017-05-12 07:05:50,769 root [INFO] Avoiding obstacles...
2017-05-12 07:05:50,769 root [INFO] Avoiding obstacles...
2017-05-12 07:05:51,273 root [INFO] Avoiding obstacles...
2017-05-12 07:05:51,273 root [INFO] Avoiding obstacles...
2017-05-12 07:05:51,777 root [INFO] Avoiding obstacles...
2017-05-12 07:05:51,777 root [INFO] Avoiding obstacles...
2017-05-12 07:05:52,282 root [INFO] Avoiding obstacles...
2017-05-12 07:05:52,282 root [INFO] Avoiding obstacles...
2017-05-12 07:07:17,135 root [INFO] Avoiding obstacles...
2017-05-12 07:07:17,135 root [INFO] Avoiding obstacles...
2017-05-12 07:07:17,650 root [INFO] Avoiding obstacles...
2017-05-12 07:07:17,650 root [INFO] Avoiding obstacles...
2017-05-12 07:07:18,162 root [INFO] Avoiding obstacles...
2017-05-12 07:07:18,162 root [INFO] Avoiding obstacles...
2017-05-12 07:07:18,672 root [INFO] Avoiding obstacles...
2017-05-12 07:07:18,672 root [INFO] Avoiding obstacles...
2017-05-12 07:07:19,180 root [INFO] Avoiding obstacles...
2017-05-12 07:07:19,180 root [INFO] Avoiding obstacles...
2017-05-12 07:07:19,686 root [INFO] Avoiding obstacles...
2017-05-12 07:07:19,686 root [INFO] Avoiding obstacles...
2017-05-12 07:07:20,198 root [INFO] Avoiding obstacles...
2017-05-12 07:07:20,198 root [INFO] Avoiding obstacles...
2017-05-12 07:07:20,710 root [INFO] Avoiding obstacles...
2017-05-12 07:07:20,710 root [INFO] Avoiding obstacles...
2017-05-12 07:07:21,219 root [INFO] Avoiding obstacles...
2017-05-12 07:07:21,219 root [INFO] Avoiding obstacles...
2017-05-12 07:07:21,729 root [INFO] Avoiding obstacles...
2017-05-12 07:07:21,729 root [INFO] Avoiding obstacles...
2017-05-12 07:07:22,241 root [INFO] Avoiding obstacles...
2017-05-12 07:07:22,241 root [INFO] Avoiding obstacles...
2017-05-12 07:07:22,751 root [INFO] Avoiding obstacles...
2017-05-12 07:07:22,751 root [INFO] Avoiding obstacles...
2017-05-12 07:07:23,258 root [INFO] Avoiding obstacles...
2017-05-12 07:07:23,258 root [INFO] Avoiding obstacles...
2017-05-12 07:07:23,761 root [INFO] Avoiding obstacles...
2017-05-12 07:07:23,761 root [INFO] Avoiding obstacles...
2017-05-12 07:07:24,266 root [INFO] Avoiding obstacles...
2017-05-12 07:07:24,266 root [INFO] Avoiding obstacles...
2017-05-12 07:07:24,769 root [INFO] Avoiding obstacles...
2017-05-12 07:07:24,769 root [INFO] Avoiding obstacles...
2017-05-12 07:07:25,274 root [INFO] Avoiding obstacles...
2017-05-12 07:07:25,274 root [INFO] Avoiding obstacles...
2017-05-12 07:07:25,780 root [INFO] Avoiding obstacles...
2017-05-12 07:07:25,780 root [INFO] Avoiding obstacles...
2017-05-12 07:07:26,284 root [INFO] Avoiding obstacles...
2017-05-12 07:07:26,284 root [INFO] Avoiding obstacles...
2017-05-12 07:07:26,787 root [INFO] Avoiding obstacles...
2017-05-12 07:07:26,787 root [INFO] Avoiding obstacles...
2017-05-12 07:07:27,291 root [INFO] Avoiding obstacles...
2017-05-12 07:07:27,291 root [INFO] Avoiding obstacles...
2017-05-12 07:07:27,795 root [INFO] Avoiding obstacles...
2017-05-12 07:07:27,795 root [INFO] Avoiding obstacles...
2017-05-12 07:07:28,299 root [INFO] Avoiding obstacles...
2017-05-12 07:07:28,299 root [INFO] Avoiding obstacles...
2017-05-12 07:07:28,803 root [INFO] Avoiding obstacles...
2017-05-12 07:07:28,803 root [INFO] Avoiding obstacles...
2017-05-12 07:07:29,306 root [INFO] Avoiding obstacles...
2017-05-12 07:07:29,306 root [INFO] Avoiding obstacles...
2017-05-12 07:07:29,810 root [INFO] Avoiding obstacles...
2017-05-12 07:07:29,810 root [INFO] Avoiding obstacles...
2017-05-12 07:07:30,314 root [INFO] Avoiding obstacles...
2017-05-12 07:07:30,314 root [INFO] Avoiding obstacles...
2017-05-12 07:07:30,818 root [INFO] Avoiding obstacles...
2017-05-12 07:07:30,818 root [INFO] Avoiding obstacles...
2017-05-12 07:07:31,322 root [INFO] Avoiding obstacles...
2017-05-12 07:07:31,322 root [INFO] Avoiding obstacles...
2017-05-12 07:07:31,828 root [INFO] Avoiding obstacles...
2017-05-12 07:07:31,828 root [INFO] Avoiding obstacles...
2017-05-12 07:07:32,339 root [INFO] Avoiding obstacles...
2017-05-12 07:07:32,339 root [INFO] Avoiding obstacles...
2017-05-12 07:07:32,850 root [INFO] Avoiding obstacles...
2017-05-12 07:07:32,850 root [INFO] Avoiding obstacles...
2017-05-12 07:07:33,362 root [INFO] Avoiding obstacles...
2017-05-12 07:07:33,362 root [INFO] Avoiding obstacles...
2017-05-12 07:07:33,871 root [INFO] Avoiding obstacles...
2017-05-12 07:07:33,871 root [INFO] Avoiding obstacles...
2017-05-12 07:07:34,381 root [INFO] Avoiding obstacles...
2017-05-12 07:07:34,381 root [INFO] Avoiding obstacles...
2017-05-12 07:07:34,893 root [INFO] Avoiding obstacles...
2017-05-12 07:07:34,893 root [INFO] Avoiding obstacles...
2017-05-12 07:07:35,404 root [INFO] Avoiding obstacles...
2017-05-12 07:07:35,404 root [INFO] Avoiding obstacles...
2017-05-12 07:07:35,915 root [INFO] Avoiding obstacles...
2017-05-12 07:07:35,915 root [INFO] Avoiding obstacles...
2017-05-12 07:07:36,422 root [INFO] Avoiding obstacles...
2017-05-12 07:07:36,422 root [INFO] Avoiding obstacles...
2017-05-12 07:07:36,932 root [INFO] Avoiding obstacles...
2017-05-12 07:07:36,932 root [INFO] Avoiding obstacles...
2017-05-12 07:07:37,441 root [INFO] Avoiding obstacles...
2017-05-12 07:07:37,441 root [INFO] Avoiding obstacles...
2017-05-12 07:07:37,952 root [INFO] Avoiding obstacles...
2017-05-12 07:07:37,952 root [INFO] Avoiding obstacles...
2017-05-12 07:07:38,460 root [INFO] Avoiding obstacles...
2017-05-12 07:07:38,460 root [INFO] Avoiding obstacles...
