2017-06-14 10:05:15,401 MainProcess [INFO] Connecting to UAV on: tcp:127.0.0.1:14551
2017-06-14 10:05:15,407 Process-4 [INFO] Instantiating SDA Viewer process
2017-06-14 10:05:22,662 MainProcess [INFO] Connected to UAV on: tcp:127.0.0.1:14551
2017-06-14 10:05:22,663 MainProcess [INFO]  Get all vehicle attribute values:
2017-06-14 10:05:22,663 MainProcess [INFO]    Major version number: 3
2017-06-14 10:05:22,663 MainProcess [INFO]    Minor version number: 4
2017-06-14 10:05:22,663 MainProcess [INFO]    Patch version number: 6
2017-06-14 10:05:22,664 MainProcess [INFO]    Release version: 0
2017-06-14 10:05:22,664 MainProcess [INFO]    Stable release?: True
2017-06-14 10:05:22,664 MainProcess [INFO]  Autopilot capabilities
2017-06-14 10:05:22,664 MainProcess [INFO]    Supports MISSION_FLOAT message type: True
2017-06-14 10:05:22,664 MainProcess [INFO]    Supports PARAM_FLOAT message type: True
2017-06-14 10:05:22,664 MainProcess [INFO]    Supports MISSION_INT message type: True
2017-06-14 10:05:22,665 MainProcess [INFO]    Supports COMMAND_INT message type: True
2017-06-14 10:05:22,665 MainProcess [INFO]    Supports PARAM_UNION message type: False
2017-06-14 10:05:22,666 MainProcess [INFO]    Supports ftp for file transfers: False
2017-06-14 10:05:22,666 MainProcess [INFO]    Supports commanding attitude offboard: True
2017-06-14 10:05:22,667 MainProcess [INFO]    Supports commanding position and velocity targets in local NED frame: True
2017-06-14 10:05:22,667 MainProcess [INFO]    Supports set position + velocity targets in global scaled integers: True
2017-06-14 10:05:22,667 MainProcess [INFO]    Supports terrain protocol / data handling: True
2017-06-14 10:05:22,668 MainProcess [INFO]    Supports direct actuator control: False
2017-06-14 10:05:22,668 MainProcess [INFO]    Supports the flight termination command: True
2017-06-14 10:05:22,669 MainProcess [INFO]    Supports mission_float message type: True
2017-06-14 10:05:22,669 MainProcess [INFO]    Supports onboard compass calibration: True
2017-06-14 10:05:22,669 MainProcess [INFO]  Global Location: LocationGlobal:lat=38.8706387,lon=-77.3221907,alt=178.28
2017-06-14 10:05:22,669 MainProcess [INFO]  Global Location (relative altitude): LocationGlobalRelative:lat=38.8706387,lon=-77.3221907,alt=44.26
2017-06-14 10:05:22,670 MainProcess [INFO]  Local Location: LocationLocal:north=0.759619772434,east=1.13416242599,down=-43.9385871887
2017-06-14 10:05:22,670 MainProcess [INFO]  Attitude: Attitude:pitch=-0.0532345920801,yaw=-0.714306950569,roll=0.0544977076352
2017-06-14 10:05:22,670 MainProcess [INFO]  Velocity: [-0.05, 0.21, -1.61]
2017-06-14 10:05:22,671 MainProcess [INFO]  GPS: GPSInfo:fix=4,num_sat=13
2017-06-14 10:05:22,671 MainProcess [INFO]  Gimbal status: Gimbal: pitch=30.0, roll=0.0, yaw=0.0
2017-06-14 10:05:22,671 MainProcess [INFO]  Battery: Battery:voltage=22.978,current=None,level=None
2017-06-14 10:05:22,672 MainProcess [INFO]  EKF OK?: True
2017-06-14 10:05:22,672 MainProcess [INFO]  Last Heartbeat: 0.552556105991
2017-06-14 10:05:22,672 MainProcess [INFO]  Rangefinder: Rangefinder: distance=None, voltage=None
2017-06-14 10:05:22,672 MainProcess [INFO]  Rangefinder distance: None
2017-06-14 10:05:22,672 MainProcess [INFO]  Rangefinder voltage: None
2017-06-14 10:05:22,673 MainProcess [INFO]  Heading: 319
2017-06-14 10:05:22,673 MainProcess [INFO]  Is Armable?: True
2017-06-14 10:05:22,673 MainProcess [INFO]  System status: ACTIVE
2017-06-14 10:05:22,674 MainProcess [INFO]  Groundspeed: 0.147648230195
2017-06-14 10:05:22,674 MainProcess [INFO]  Airspeed: 0.147648230195
2017-06-14 10:05:22,674 MainProcess [INFO]  Mode: RTL
2017-06-14 10:05:22,674 MainProcess [INFO]  Armed: True
2017-06-14 10:05:22,675 MainProcess [INFO] Waiting for UAV to be armable
2017-06-14 10:05:22,675 MainProcess [INFO] Waiting for UAV to load waypoints
2017-06-14 10:05:22,675 MainProcess [INFO] Downloading waypoints from UAV on: tcp:127.0.0.1:14551
2017-06-14 10:05:25,899 MainProcess [INFO] Waypoints successfully downloaded
2017-06-14 10:05:26,013 MainProcess [INFO] Everything is instantiated...Beginning operation
current=None,level=None
2017-06-14 10:05:22,672 MainProcess [INFO]  EKF OK?: True
2017-06-14 10:05:22,666 MainProcess [INFO]    Supports commanding attitude offboard: True
2017-06-14 10:05:22,672 MainProcess [INFO]  Last Heartbeat: 0.552556105991
2017-06-14 10:05:22,672 MainProcess [INFO]  Rangefinder: Rangefinder: distance=None, voltage=None
2017-06-14 10:05:22,672 MainProcess [INFO]  Rangefinder distance: None
2017-06-14 10:05:22,672 MainProcess [INFO]  Rangefinder voltage: None
2017-06-14 10:05:22,673 MainProcess [INFO]  Heading: 319
2017-06-14 10:05:22,673 MainProcess [INFO]  Is Armable?: True
2017-06-14 10:05:22,667 MainProcess [INFO]    Supports commanding position and velocity targets in local NED frame: True
2017-06-14 10:05:22,673 MainProcess [INFO]  System status: ACTIVE
2017-06-14 10:05:22,667 MainProcess [INFO]    Supports set position + velocity targets in global scaled integers: True
2017-06-14 10:05:22,674 MainProcess [INFO]  Groundspeed: 0.147648230195
2017-06-14 10:05:22,674 MainProcess [INFO]  Airspeed: 0.147648230195
2017-06-14 10:05:22,667 MainProcess [INFO]    Supports terrain protocol / data handling: True
2017-06-14 10:05:22,674 MainProcess [INFO]  Mode: RTL
2017-06-14 10:05:22,674 MainProcess [INFO]  Armed: True
2017-06-14 10:05:22,668 MainProcess [INFO]    Supports direct actuator control: False
2017-06-14 10:05:22,675 MainProcess [INFO] Waiting for UAV to be armable
2017-06-14 10:05:22,668 MainProcess [INFO]    Supports the flight termination command: True
2017-06-14 10:05:22,675 MainProcess [INFO] Waiting for UAV to load waypoints
2017-06-14 10:05:22,675 MainProcess [INFO] Downloading waypoints from UAV on: tcp:127.0.0.1:14551
2017-06-14 10:05:22,669 MainProcess [INFO]    Supports mission_float message type: True
2017-06-14 10:05:22,669 MainProcess [INFO]    Supports onboard compass calibration: True
2017-06-14 10:05:22,669 MainProcess [INFO]  Global Location: LocationGlobal:lat=38.8706387,lon=-77.3221907,alt=178.28
2017-06-14 10:05:22,669 MainProcess [INFO]  Global Location (relative altitude): LocationGlobalRelative:lat=38.8706387,lon=-77.3221907,alt=44.26
2017-06-14 10:05:22,670 MainProcess [INFO]  Local Location: LocationLocal:north=0.759619772434,east=1.13416242599,down=-43.9385871887
2017-06-14 10:05:22,670 MainProcess [INFO]  Attitude: Attitude:pitch=-0.0532345920801,yaw=-0.714306950569,roll=0.0544977076352
2017-06-14 10:05:22,670 MainProcess [INFO]  Velocity: [-0.05, 0.21, -1.61]
2017-06-14 10:05:22,671 MainProcess [INFO]  GPS: GPSInfo:fix=4,num_sat=13
2017-06-14 10:05:22,671 MainProcess [INFO]  Gimbal status: Gimbal: pitch=30.0, roll=0.0, yaw=0.0
2017-06-14 10:05:22,671 MainProcess [INFO]  Battery: Battery:voltage=22.978,current=None,level=None
2017-06-14 10:05:22,672 MainProcess [INFO]  EKF OK?: True
2017-06-14 10:05:22,672 MainProcess [INFO]  Last Heartbeat: 0.552556105991
2017-06-14 10:05:22,672 MainProcess [INFO]  Rangefinder: Rangefinder: distance=None, voltage=None
2017-06-14 10:05:22,672 MainProcess [INFO]  Rangefinder distance: None
2017-06-14 10:05:22,672 MainProcess [INFO]  Rangefinder voltage: None
2017-06-14 10:05:22,673 MainProcess [INFO]  Heading: 319
2017-06-14 10:05:22,673 MainProcess [INFO]  Is Armable?: True
2017-06-14 10:05:22,673 MainProcess [INFO]  System status: ACTIVE
2017-06-14 10:05:22,674 MainProcess [INFO]  Groundspeed: 0.147648230195
2017-06-14 10:05:22,674 MainProcess [INFO]  Airspeed: 0.147648230195
2017-06-14 10:05:22,674 MainProcess [INFO]  Mode: RTL
2017-06-14 10:05:22,674 MainProcess [INFO]  Armed: True
2017-06-14 10:05:22,675 MainProcess [INFO] Waiting for UAV to be armable
2017-06-14 10:05:22,675 MainProcess [INFO] Waiting for UAV to load waypoints
2017-06-14 10:05:22,675 MainProcess [INFO] Downloading waypoints from UAV on: tcp:127.0.0.1:14551
2017-06-14 10:05:25,899 MainProcess [INFO] Waypoints successfully downloaded
2017-06-14 10:05:25,899 MainProcess [INFO] Waypoints successfully downloaded
2017-06-14 10:05:26,013 MainProcess [INFO] Everything is instantiated...Beginning operation
2017-06-14 10:05:26,013 MainProcess [INFO] Everything is instantiated...Beginning operation
